<?xml version="1.0" encoding="utf-8"?><testsuites name="pytest tests"><testsuite name="pytest" errors="0" failures="0" skipped="0" tests="10" time="34.516" timestamp="2026-05-07T19:51:34.140178+00:00" hostname="agent-env-1f88be20-ced4-466c-a82b-ec05661dd924"><testcase classname="test_agrimind" name="test_root_health" time="0.334" /><testcase classname="test_agrimind" name="test_languages" time="0.140" /><testcase classname="test_agrimind" name="test_disease_detect_real_image" time="6.058" /><testcase classname="test_agrimind" name="test_fertilizer_chat_en_hi_history" time="13.814" /><testcase classname="test_agrimind" name="test_calculator_recommend" time="12.000" /><testcase classname="test_agrimind" name="test_translate_to_hindi" time="1.388" /><testcase classname="test_agrimind" name="test_translate_en_passthrough" time="0.131" /><testcase classname="test_agrimind" name="test_weather_mocked" time="0.132" /><testcase classname="test_agrimind" name="test_schemes_curated" time="0.221" /><testcase classname="test_agrimind" name="test_seedbanks_mocked" time="0.195" /></testsuite></testsuites>